Using pre-set license
Built from '2021.3/release' branch; Version is '2021.3.17f1 (3e8111cac19d) revision 4096273'; Using compiler version '192829333'; Build Type 'Release'
OS: 'Windows 11  (10.0.22621) 64bit CoreSingleLanguage' Language: 'es' Physical Memory: 6091 MB
BatchMode: 1, IsHumanControllingUs: 0, StartBugReporterOnCrash: 0, Is64bit: 1, IsPro: 1

COMMAND LINE ARGUMENTS:
C:\Program Files\Unity\Hub\Editor\2021.3.17f1\Editor\Unity.exe
-adb2
-batchMode
-noUpm
-name
AssetImportWorker12
-projectPath
C:/Users/elpin/OneDrive - Universidad de los Andes/7mo_semestre/Mixta/DemoRM1/DemoWM_RM
-logFile
Logs/AssetImportWorker12.log
-srvPort
58675
Successfully changed project path to: C:/Users/elpin/OneDrive - Universidad de los Andes/7mo_semestre/Mixta/DemoRM1/DemoWM_RM
C:/Users/elpin/OneDrive - Universidad de los Andes/7mo_semestre/Mixta/DemoRM1/DemoWM_RM
[UnityMemory] Configuration Parameters - Can be set up in boot.config
    "memorysetup-bucket-allocator-granularity=16"
    "memorysetup-bucket-allocator-bucket-count=8"
    "memorysetup-bucket-allocator-block-size=33554432"
    "memorysetup-bucket-allocator-block-count=8"
    "memorysetup-main-allocator-block-size=16777216"
    "memorysetup-thread-allocator-block-size=16777216"
    "memorysetup-gfx-main-allocator-block-size=16777216"
    "memorysetup-gfx-thread-allocator-block-size=16777216"
    "memorysetup-cache-allocator-block-size=4194304"
    "memorysetup-typetree-allocator-block-size=2097152"
    "memorysetup-profiler-bucket-allocator-granularity=16"
    "memorysetup-profiler-bucket-allocator-bucket-count=8"
    "memorysetup-profiler-bucket-allocator-block-size=33554432"
    "memorysetup-profiler-bucket-allocator-block-count=8"
    "memorysetup-profiler-allocator-block-size=16777216"
    "memorysetup-profiler-editor-allocator-block-size=1048576"
    "memorysetup-temp-allocator-size-main=16777216"
    "memorysetup-job-temp-allocator-block-size=2097152"
    "memorysetup-job-temp-allocator-block-size-background=1048576"
    "memorysetup-job-temp-allocator-reduction-small-platforms=262144"
    "memorysetup-temp-allocator-size-background-worker=32768"
    "memorysetup-temp-allocator-size-job-worker=262144"
    "memorysetup-temp-allocator-size-preload-manager=33554432"
    "memorysetup-temp-allocator-size-nav-mesh-worker=65536"
    "memorysetup-temp-allocator-size-audio-worker=65536"
    "memorysetup-temp-allocator-size-cloud-worker=32768"
    "memorysetup-temp-allocator-size-gi-baking-worker=262144"
    "memorysetup-temp-allocator-size-gfx=262144"
Player connection [17988] Host "[IP] 192.168.171.1 [Port] 0 [Flags] 2 [Guid] 38744014 [EditorId] 38744014 [Version] 1048832 [Id] WindowsEditor(7,WMDoomMachine) [Debug] 1 [PackageName] WindowsEditor [ProjectName] Editor" joined multi-casting on [225.0.0.222:54997]...

Player connection [17988] Host "[IP] 192.168.171.1 [Port] 0 [Flags] 2 [Guid] 38744014 [EditorId] 38744014 [Version] 1048832 [Id] WindowsEditor(7,WMDoomMachine) [Debug] 1 [PackageName] WindowsEditor [ProjectName] Editor" joined alternative multi-casting on [225.0.0.222:34997]...

Refreshing native plugins compatible for Editor in 425.13 ms, found 5 plugins.
Preloading 0 native plugins for Editor in 0.00 ms.
Initialize engine version: 2021.3.17f1 (3e8111cac19d)
[Subsystems] Discovering subsystems at path C:/Program Files/Unity/Hub/Editor/2021.3.17f1/Editor/Data/Resources/UnitySubsystems
[Subsystems] Discovering subsystems at path C:/Users/elpin/OneDrive - Universidad de los Andes/7mo_semestre/Mixta/DemoRM1/DemoWM_RM/Assets
GfxDevice: creating device client; threaded=0; jobified=0
Direct3D:
    Version:  Direct3D 11.0 [level 11.1]
    Renderer: NVIDIA GeForce MX230 (ID=0x1d11)
    Vendor:   NVIDIA
    VRAM:     1982 MB
    Driver:   31.0.15.2802
Initialize mono
Mono path[0] = 'C:/Program Files/Unity/Hub/Editor/2021.3.17f1/Editor/Data/Managed'
Mono path[1] = 'C:/Program Files/Unity/Hub/Editor/2021.3.17f1/Editor/Data/MonoBleedingEdge/lib/mono/unityjit-win32'
Mono config path = 'C:/Program Files/Unity/Hub/Editor/2021.3.17f1/Editor/Data/MonoBleedingEdge/etc'
Using monoOptions --debugger-agent=transport=dt_socket,embedding=1,server=y,suspend=n,address=127.0.0.1:56896
Begin MonoManager ReloadAssembly
Registering precompiled unity dll's ...
Register platform support module: C:/Program Files/Unity/Hub/Editor/2021.3.17f1/Editor/Data/PlaybackEngines/WebGLSupport/UnityEditor.WebGL.Extensions.dll
Register platform support module: C:/Program Files/Unity/Hub/Editor/2021.3.17f1/Editor/Data/PlaybackEngines/WindowsStandaloneSupport/UnityEditor.WindowsStandalone.Extensions.dll
Registered in 0.026912 seconds.
Native extension for WindowsStandalone target not found
Native extension for WebGL target not found
Refreshing native plugins compatible for Editor in 202.36 ms, found 5 plugins.
Preloading 0 native plugins for Editor in 0.00 ms.
Mono: successfully reloaded assembly
- Completed reload, in  2.067 seconds
Domain Reload Profiling:
	ReloadAssembly (2068ms)
		BeginReloadAssembly (276ms)
			ExecutionOrderSort (0ms)
			DisableScriptedObjects (0ms)
			BackupInstance (0ms)
			ReleaseScriptingObjects (0ms)
			CreateAndSetChildDomain (2ms)
		EndReloadAssembly (1325ms)
			LoadAssemblies (271ms)
			RebuildTransferFunctionScriptingTraits (0ms)
			SetupTypeCache (340ms)
			ReleaseScriptCaches (0ms)
			RebuildScriptCaches (83ms)
			SetupLoadedEditorAssemblies (771ms)
				LogAssemblyErrors (0ms)
				InitializePlatformSupportModulesInManaged (24ms)
				SetLoadedEditorAssemblies (0ms)
				RefreshPlugins (203ms)
				BeforeProcessingInitializeOnLoad (3ms)
				ProcessInitializeOnLoadAttributes (270ms)
				ProcessInitializeOnLoadMethodAttributes (272ms)
				AfterProcessingInitializeOnLoad (0ms)
				EditorAssembliesLoaded (0ms)
			ExecutionOrderSort2 (0ms)
			AwakeInstancesAfterBackupRestoration (0ms)
Platform modules already initialized, skipping
Registering precompiled user dll's ...
Registered in 0.728901 seconds.
Begin MonoManager ReloadAssembly
Symbol file LoadedFromMemory doesn't match image C:\Users\elpin\OneDrive - Universidad de los Andes\7mo_semestre\Mixta\DemoRM1\DemoWM_RM\Library\PackageCache\com.unity.visualscripting@1.8.0\Editor\VisualScripting.Core\Dependencies\YamlDotNet\Unity.VisualScripting.YamlDotNet.dll
Symbol file LoadedFromMemory doesn't match image C:\Users\elpin\OneDrive - Universidad de los Andes\7mo_semestre\Mixta\DemoRM1\DemoWM_RM\Library\PackageCache\com.unity.visualscripting@1.8.0\Editor\VisualScripting.Core\Dependencies\DotNetZip\Unity.VisualScripting.IonicZip.dll
Native extension for WindowsStandalone target not found
Native extension for WebGL target not found
Refreshing native plugins compatible for Editor in 1.39 ms, found 5 plugins.
Preloading 0 native plugins for Editor in 0.00 ms.
Mono: successfully reloaded assembly
- Completed reload, in  6.450 seconds
Domain Reload Profiling:
	ReloadAssembly (6452ms)
		BeginReloadAssembly (330ms)
			ExecutionOrderSort (0ms)
			DisableScriptedObjects (18ms)
			BackupInstance (0ms)
			ReleaseScriptingObjects (0ms)
			CreateAndSetChildDomain (62ms)
		EndReloadAssembly (5762ms)
			LoadAssemblies (226ms)
			RebuildTransferFunctionScriptingTraits (0ms)
			SetupTypeCache (1055ms)
			ReleaseScriptCaches (2ms)
			RebuildScriptCaches (156ms)
			SetupLoadedEditorAssemblies (4151ms)
				LogAssemblyErrors (0ms)
				InitializePlatformSupportModulesInManaged (20ms)
				SetLoadedEditorAssemblies (2ms)
				RefreshPlugins (2ms)
				BeforeProcessingInitializeOnLoad (252ms)
				ProcessInitializeOnLoadAttributes (834ms)
				ProcessInitializeOnLoadMethodAttributes (3019ms)
				AfterProcessingInitializeOnLoad (22ms)
				EditorAssembliesLoaded (0ms)
			ExecutionOrderSort2 (0ms)
			AwakeInstancesAfterBackupRestoration (22ms)
Platform modules already initialized, skipping
========================================================================
Worker process is ready to serve import requests
Launched and connected shader compiler UnityShaderCompiler.exe after 0.24 seconds
Refreshing native plugins compatible for Editor in 2.06 ms, found 5 plugins.
Preloading 0 native plugins for Editor in 0.00 ms.
Unloading 3455 Unused Serialized files (Serialized files now loaded: 0)
Unloading 29 unused Assets / (114.2 KB). Loaded Objects now: 3910.
Memory consumption went from 121.4 MB to 121.3 MB.
Total: 10.744500 ms (FindLiveObjects: 0.651400 ms CreateObjectMapping: 0.621900 ms MarkObjects: 8.924400 ms  DeleteObjects: 0.543700 ms)

AssetImportParameters requested are different than current active one (requested -> active):
  custom:video-decoder-ogg-theora: a1e56fd34408186e4bbccfd4996cb3dc -> 
  custom:container-muxer-webm: aa71ff27fc2769a1b78a27578f13a17b -> 
  custom:container-demuxer-webm: 4f35f7cbe854078d1ac9338744f61a02 -> 
  custom:video-encoder-webm-vp8: eb34c28f22e8b96e1ab97ce403110664 -> 
  custom:audio-encoder-webm-vorbis: bf7c407c2cedff20999df2af8eb42d56 -> 
  custom:framework-win-MediaFoundation: 216162199b28c13a410421893ffa2e32 -> 
  custom:container-demuxer-ogg: 62fdf1f143b41e24485cea50d1cbac27 -> 
  custom:video-decoder-webm-vp8: 9c59270c3fd7afecdb556c50c9e8de78 -> 
  custom:audio-decoder-ogg-vorbis: bf7c407c2cedff20999df2af8eb42d56 -> 
========================================================================
Received Import Request.
  Time since last request: 21246.671266 seconds.
  path: Assets/Levels/lvl1.blend1
  artifactKey: Guid(94ccbf38ba9f14e499f11f8e5a4c0911) Importer(815301076,1909f56bfc062723c751e8b465ee728b)
Start importing Assets/Levels/lvl1.blend1 using Guid(94ccbf38ba9f14e499f11f8e5a4c0911) Importer(815301076,1909f56bfc062723c751e8b465ee728b)  -> (artifact id: '81fa89d4e6b6138c5613c302e37d07ff') in 0.121306 seconds 
========================================================================
Received Import Request.
  Time since last request: 660.105347 seconds.
  path: Assets/Levels/lvl1.blend
  artifactKey: Guid(2356141b4d0bfc14dae01c3f09615b63) Importer(815301076,1909f56bfc062723c751e8b465ee728b)
Start importing Assets/Levels/lvl1.blend using Guid(2356141b4d0bfc14dae01c3f09615b63) Importer(815301076,1909f56bfc062723c751e8b465ee728b)  -> (artifact id: '675bffb79eaf33a271452eb37278beaa') in 1.337527 seconds 
========================================================================
Received Import Request.
  Time since last request: 345.676717 seconds.
  path: Assets/Levels/lvl2.blend
  artifactKey: Guid(24976c505afde61428d7fcd9bded180f) Importer(815301076,1909f56bfc062723c751e8b465ee728b)
Start importing Assets/Levels/lvl2.blend using Guid(24976c505afde61428d7fcd9bded180f) Importer(815301076,1909f56bfc062723c751e8b465ee728b)  -> (artifact id: 'e55080a727cc6a1170a80f65ffbc58e0') in 0.388834 seconds 
========================================================================
Received Import Request.
  Time since last request: 43.155759 seconds.
  path: Assets/Levels/lvl2.blend
  artifactKey: Guid(24976c505afde61428d7fcd9bded180f) Importer(815301076,1909f56bfc062723c751e8b465ee728b)
Start importing Assets/Levels/lvl2.blend using Guid(24976c505afde61428d7fcd9bded180f) Importer(815301076,1909f56bfc062723c751e8b465ee728b)  -> (artifact id: 'ae4b72f3e9eb3a8fc051714a6151f34e') in 0.093701 seconds 
========================================================================
Received Import Request.
  Time since last request: 79.112523 seconds.
  path: Assets/Levels/lvl2.blend
  artifactKey: Guid(24976c505afde61428d7fcd9bded180f) Importer(815301076,1909f56bfc062723c751e8b465ee728b)
Start importing Assets/Levels/lvl2.blend using Guid(24976c505afde61428d7fcd9bded180f) Importer(815301076,1909f56bfc062723c751e8b465ee728b)  -> (artifact id: 'a0e54bda4be6fe0e1fc583f9dff4b46d') in 0.196339 seconds 
========================================================================
Received Import Request.
  Time since last request: 672.563715 seconds.
  path: Assets/JustPlay
  artifactKey: Guid(304e26aba34beb2489d25b386b6e235d) Importer(815301076,1909f56bfc062723c751e8b465ee728b)
Start importing Assets/JustPlay using Guid(304e26aba34beb2489d25b386b6e235d) Importer(815301076,1909f56bfc062723c751e8b465ee728b)  -> (artifact id: 'f6620c07535c7d749d38b71440dc7857') in 0.041341 seconds 
========================================================================
Received Import Request.
  Time since last request: 0.672537 seconds.
  path: Assets/JustPlay/TableAngular
  artifactKey: Guid(00182ae4612d5bc4d861ae804a3719fd) Importer(815301076,1909f56bfc062723c751e8b465ee728b)
Start importing Assets/JustPlay/TableAngular using Guid(00182ae4612d5bc4d861ae804a3719fd) Importer(815301076,1909f56bfc062723c751e8b465ee728b)  -> (artifact id: '3758d87f40d0866bc9410c4882f3bc7e') in 0.030961 seconds 
========================================================================
Received Import Request.
  Time since last request: 0.000063 seconds.
  path: Assets/JustPlay/TableAngular/TableAngular.prefab
  artifactKey: Guid(b608d259d5f995a4f9c8d41566d93989) Importer(815301076,1909f56bfc062723c751e8b465ee728b)
Start importing Assets/JustPlay/TableAngular/TableAngular.prefab using Guid(b608d259d5f995a4f9c8d41566d93989) Importer(815301076,1909f56bfc062723c751e8b465ee728b)  -> (artifact id: '21e520303c58e2dbd29c991527d3a711') in 1.217396 seconds 
========================================================================
Received Import Request.
  Time since last request: 0.000059 seconds.
  path: Assets/JustPlay/TableAngular/Textures
  artifactKey: Guid(87c4ec881daff0d4f8cecef39796abdc) Importer(815301076,1909f56bfc062723c751e8b465ee728b)
Start importing Assets/JustPlay/TableAngular/Textures using Guid(87c4ec881daff0d4f8cecef39796abdc) Importer(815301076,1909f56bfc062723c751e8b465ee728b)  -> (artifact id: 'd44fa73eeb8aeae08caaf0d650a27af7') in 0.025231 seconds 
========================================================================
Received Import Request.
  Time since last request: 0.000082 seconds.
  path: Assets/JustPlay/TableAngular/TableAngular.mat
  artifactKey: Guid(06bc9aca56878aa4f9a5704a380d5d80) Importer(815301076,1909f56bfc062723c751e8b465ee728b)
Start importing Assets/JustPlay/TableAngular/TableAngular.mat using Guid(06bc9aca56878aa4f9a5704a380d5d80) Importer(815301076,1909f56bfc062723c751e8b465ee728b)  -> (artifact id: '39818ced8c2daae8443ea7d49a8e4ad5') in 0.141420 seconds 
========================================================================
Received Import Request.
  Time since last request: 143.148763 seconds.
  path: Assets/3DSystems/HapticsDirect/Prefabs
  artifactKey: Guid(790efa5df51f9b149a736e9b1b925cce) Importer(815301076,1909f56bfc062723c751e8b465ee728b)
Start importing Assets/3DSystems/HapticsDirect/Prefabs using Guid(790efa5df51f9b149a736e9b1b925cce) Importer(815301076,1909f56bfc062723c751e8b465ee728b)  -> (artifact id: '594d991ff435798587365ac2b6615197') in 0.016417 seconds 
========================================================================
Received Import Request.
  Time since last request: 14.791915 seconds.
  path: Assets/3DSystems/HapticsDirect/Resources/Models/Materials
  artifactKey: Guid(1f776550beb64b04e89a9f99355b48bd) Importer(815301076,1909f56bfc062723c751e8b465ee728b)
Start importing Assets/3DSystems/HapticsDirect/Resources/Models/Materials using Guid(1f776550beb64b04e89a9f99355b48bd) Importer(815301076,1909f56bfc062723c751e8b465ee728b)  -> (artifact id: '591eac91da2252f3a1d2ebf173589bb8') in 0.017263 seconds 
========================================================================
Received Prepare
Registering precompiled user dll's ...
Registered in 0.024210 seconds.
Begin MonoManager ReloadAssembly
Symbol file LoadedFromMemory doesn't match image C:\Users\elpin\OneDrive - Universidad de los Andes\7mo_semestre\Mixta\DemoRM1\DemoWM_RM\Library\PackageCache\com.unity.visualscripting@1.8.0\Editor\VisualScripting.Core\Dependencies\YamlDotNet\Unity.VisualScripting.YamlDotNet.dll
Symbol file LoadedFromMemory doesn't match image C:\Users\elpin\OneDrive - Universidad de los Andes\7mo_semestre\Mixta\DemoRM1\DemoWM_RM\Library\PackageCache\com.unity.visualscripting@1.8.0\Editor\VisualScripting.Core\Dependencies\DotNetZip\Unity.VisualScripting.IonicZip.dll
Native extension for WindowsStandalone target not found
Native extension for WebGL target not found
Refreshing native plugins compatible for Editor in 1.51 ms, found 5 plugins.
Preloading 0 native plugins for Editor in 0.00 ms.
Mono: successfully reloaded assembly
- Completed reload, in  6.043 seconds
Domain Reload Profiling:
	ReloadAssembly (6053ms)
		BeginReloadAssembly (2649ms)
			ExecutionOrderSort (0ms)
			DisableScriptedObjects (137ms)
			BackupInstance (0ms)
			ReleaseScriptingObjects (0ms)
			CreateAndSetChildDomain (1194ms)
		EndReloadAssembly (2990ms)
			LoadAssemblies (458ms)
			RebuildTransferFunctionScriptingTraits (2ms)
			SetupTypeCache (1149ms)
			ReleaseScriptCaches (4ms)
			RebuildScriptCaches (193ms)
			SetupLoadedEditorAssemblies (1161ms)
				LogAssemblyErrors (0ms)
				InitializePlatformSupportModulesInManaged (51ms)
				SetLoadedEditorAssemblies (3ms)
				RefreshPlugins (2ms)
				BeforeProcessingInitializeOnLoad (294ms)
				ProcessInitializeOnLoadAttributes (712ms)
				ProcessInitializeOnLoadMethodAttributes (75ms)
				AfterProcessingInitializeOnLoad (23ms)
				EditorAssembliesLoaded (1ms)
			ExecutionOrderSort2 (0ms)
			AwakeInstancesAfterBackupRestoration (19ms)
Platform modules already initialized, skipping
Refreshing native plugins compatible for Editor in 10.34 ms, found 5 plugins.
Preloading 0 native plugins for Editor in 0.00 ms.
Unloading 3437 Unused Serialized files (Serialized files now loaded: 0)
Unloading 22 unused Assets / (80.3 KB). Loaded Objects now: 3957.
Memory consumption went from 124.8 MB to 124.7 MB.
Total: 10.310900 ms (FindLiveObjects: 0.537700 ms CreateObjectMapping: 0.252500 ms MarkObjects: 9.252200 ms  DeleteObjects: 0.265200 ms)

AssetImportParameters requested are different than current active one (requested -> active):
  custom:video-decoder-ogg-theora: a1e56fd34408186e4bbccfd4996cb3dc -> 
  custom:container-muxer-webm: aa71ff27fc2769a1b78a27578f13a17b -> 
  custom:container-demuxer-webm: 4f35f7cbe854078d1ac9338744f61a02 -> 
  custom:video-encoder-webm-vp8: eb34c28f22e8b96e1ab97ce403110664 -> 
  custom:audio-encoder-webm-vorbis: bf7c407c2cedff20999df2af8eb42d56 -> 
  custom:framework-win-MediaFoundation: 216162199b28c13a410421893ffa2e32 -> 
  custom:container-demuxer-ogg: 62fdf1f143b41e24485cea50d1cbac27 -> 
  custom:video-decoder-webm-vp8: 9c59270c3fd7afecdb556c50c9e8de78 -> 
  custom:audio-decoder-ogg-vorbis: bf7c407c2cedff20999df2af8eb42d56 -> 
========================================================================
Received Import Request.
  Time since last request: 392.224461 seconds.
  path: Assets/3DSystems/HapticsDirect/FeaturesScenes
  artifactKey: Guid(a692b08eca6b5c6468e0f99f1eda0cdc) Importer(815301076,1909f56bfc062723c751e8b465ee728b)
Start importing Assets/3DSystems/HapticsDirect/FeaturesScenes using Guid(a692b08eca6b5c6468e0f99f1eda0cdc) Importer(815301076,1909f56bfc062723c751e8b465ee728b)  -> (artifact id: '03d50f8cc5f74cc9207fd90752da6d72') in 0.061738 seconds 
========================================================================
Received Import Request.
  Time since last request: 3.097244 seconds.
  path: Assets/3DSystems/HapticsDirect/Documentation
  artifactKey: Guid(7625d1c1e8f0c4d438f7a0f8029f2268) Importer(815301076,1909f56bfc062723c751e8b465ee728b)
Start importing Assets/3DSystems/HapticsDirect/Documentation using Guid(7625d1c1e8f0c4d438f7a0f8029f2268) Importer(815301076,1909f56bfc062723c751e8b465ee728b)  -> (artifact id: 'c488a7b0e25d2966c72621cdc80af484') in 0.019734 seconds 
